#
# There is insufficient memory for the Java Runtime Environment to continue.
# Native memory allocation (mmap) failed to map 1073741824 bytes. Error detail: G1 virtual space
# Possible reasons:
#   The system is out of physical RAM or swap space
#   This process is running with CompressedOops enabled, and the Java Heap may be blocking the growth of the native heap
# Possible solutions:
#   Reduce memory load on the system
#   Increase physical memory or swap space
#   Check if swap backing store is full
#   Decrease Java heap size (-Xmx/-Xms)
#   Decrease number of Java threads
#   Decrease Java thread stack sizes (-Xss)
#   Set larger code cache with -XX:ReservedCodeCacheSize=
#   JVM is running with Zero Based Compressed Oops mode in which the Java heap is
#     placed in the first 32GB address space. The Java Heap base address is the
#     maximum limit for the native heap growth. Please use -XX:HeapBaseMinAddress
#     to set the Java Heap base and to place the Java Heap above 32GB virtual address.
# This output file may be truncated or incomplete.
#
#  Out of Memory Error (os_windows.cpp:3564), pid=27844, tid=31692
#
# JRE version:  (24.0.1+9) (build )
# Java VM: Java HotSpot(TM) 64-Bit Server VM (24.0.1+9-30, mixed mode, sharing, tiered, compressed oops, compressed class ptrs, g1 gc, windows-amd64)
# Core dump will be written. Default location: C:\Users\U22\IdeaProjects\Ipl_Information\hs_err_pid27844.mdmp
#

---------------  S U M M A R Y ------------

Command Line: -javaagent:C:\Program Files\JetBrains\IntelliJ IDEA Community Edition 2025.1.1.1\lib\idea_rt.jar=59931 -Dfile.encoding=UTF-8 -Dsun.stdout.encoding=UTF-8 -Dsun.stderr.encoding=UTF-8 com.xworkz.ipl.application.GuessNumberGame

Host: 12th Gen Intel(R) Core(TM) i7-12700F, 20 cores, 63G,  Windows Server 2022 , 64 bit Build 20348 (10.0.20348.143)
Time: Sun May 18 17:02:27 2025 India Standard Time elapsed time: 0.009690 seconds (0d 0h 0m 0s)

---------------  T H R E A D  ---------------

Current thread (0x0000011ffa26abd0):  JavaThread "Unknown thread" [_thread_in_vm, id=31692, stack(0x0000000fb3500000,0x0000000fb3600000) (1024K)]

Stack: [0x0000000fb3500000,0x0000000fb3600000]
Native frames: (J=compiled Java code, j=interpreted, Vv=VM code, C=native code)
V  [jvm.dll+0x730739]  (no source info available)
V  [jvm.dll+0x8d9b23]  (no source info available)
V  [jvm.dll+0x8dc00d]  (no source info available)
V  [jvm.dll+0x8dc683]  (no source info available)
V  [jvm.dll+0x2aa086]  (no source info available)
V  [jvm.dll+0x72cc65]  (no source info available)
V  [jvm.dll+0x72059a]  (no source info available)
V  [jvm.dll+0x390cea]  (no source info available)
V  [jvm.dll+0x3989f6]  (no source info available)
V  [jvm.dll+0x38523e]  (no source info available)
V  [jvm.dll+0x3854f8]  (no source info available)
V  [jvm.dll+0x35d0cc]  (no source info available)
V  [jvm.dll+0x35dd8d]  (no source info available)
V  [jvm.dll+0x89d28f]  (no source info available)
V  [jvm.dll+0x3f985d]  (no source info available)
V  [jvm.dll+0x8858e6]  (no source info available)
V  [jvm.dll+0x495f3e]  (no source info available)
V  [jvm.dll+0x497d11]  (no source info available)
C  [jli.dll+0x52a1]  (no source info available)
C  [ucrtbase.dll+0x26b4c]  (no source info available)
C  [KERNEL32.DLL+0x14ed0]  (no source info available)
C  [ntdll.dll+0x7e20b]  (no source info available)

Lock stack of current Java thread (top to bottom):


---------------  P R O C E S S  ---------------

Threads class SMR info:
_java_thread_list=0x00007ffb3f58f318, length=0, elements={
}

Java Threads: ( => current thread )
Total: 0

Other Threads:
  0x0000011fff00fe10 WorkerThread "GC Thread#0"                     [id=3340, stack(0x0000000fb3600000,0x0000000fb3700000) (1024K)]
  0x0000011ffa32a6d0 ConcurrentGCThread "G1 Main Marker"            [id=53744, stack(0x0000000fb3700000,0x0000000fb3800000) (1024K)]
  0x0000011ffa32b600 WorkerThread "G1 Conc#0"                       [id=79996, stack(0x0000000fb3800000,0x0000000fb3900000) (1024K)]

[error occurred during error reporting (printing all threads), id 0xc0000005, EXCEPTION_ACCESS_VIOLATION (0xc0000005) at pc=0x00007ffb3ecc14ea]
VM state: not at safepoint (not fully initialized)

VM Mutex/Monitor currently owned by a thread:  ([mutex/lock_event])
[0x00007ffb3f6145b0] Heap_lock - owner thread: 0x0000011ffa26abd0

Heap address: 0x0000000402800000, size: 16344 MB, Compressed Oops mode: Zero based, Oop shift amount: 3

CDS archive(s) mapped at: [0x0000000000000000-0x0000000000000000-0x0000000000000000), size 0, SharedBaseAddress: 0x0000000800000000, ArchiveRelocationMode: 1.
UseCompressedClassPointers 1, UseCompactObjectHeaders 0
Narrow klass pointer bits 32, Max shift 3
Narrow klass base: 0xffffffffffffffff, Narrow klass shift: -1
Encoding Range: [0xffffffffffffffff - 0x000000007fffffff), (2147483648 bytes)
Klass Range:    [0x0000000000000000 - 0x0000000000000000), (0 bytes)
Klass ID Range:  [4294967295 - 0) (1)

GC Precious Log:
 CardTable entry size: 512
 Card Set container configuration: InlinePtr #cards 4 size 8 Array Of Cards #cards 64 size 144 Howl #buckets 8 coarsen threshold 14745 Howl Bitmap #cards 2048 size 272 coarsen threshold 1843 Card regions per heap region 1 cards per card region 16384

Heap:
 garbage-first heap   total reserved 16736256K, committed 0K, used 0K [0x0000000402800000, 0x0000000800000000)
  region size 8192K, 0 young (0K), 0 survivors (0K)

[error occurred during error reporting (printing heap information), id 0xc0000005, EXCEPTION_ACCESS_VIOLATION (0xc0000005) at pc=0x00007ffb3f0de3e9]
GC Heap History (0 events):
No events

Dll operation events (1 events):
Event: 0.007 Loaded shared library C:\Program Files\Java\jdk-24\bin\java.dll

Deoptimization events (0 events):
No events

Classes loaded (0 events):
No events

Classes unloaded (0 events):
No events

Classes redefined (0 events):
No events

Internal exceptions (0 events):
No events

VM Operations (0 events):
No events

Memory protections (0 events):
No events

Nmethod flushes (0 events):
No events

Events (0 events):
No events


Dynamic libraries:
0x00007ff704e50000 - 0x00007ff704e60000 	C:\Program Files\Java\jdk-24\bin\java.exe
0x00007ffb907d0000 - 0x00007ffb909d0000 	C:\Windows\SYSTEM32\ntdll.dll
0x00007ffb8fa80000 - 0x00007ffb8fb3c000 	C:\Windows\System32\KERNEL32.DLL
0x00007ffb8ddb0000 - 0x00007ffb8e10f000 	C:\Windows\System32\KERNELBASE.dll
0x00007ffb8be20000 - 0x00007ffb8beb1000 	C:\Windows\SYSTEM32\apphelp.dll
0x00007ffb8e320000 - 0x00007ffb8e430000 	C:\Windows\System32\ucrtbase.dll
0x00007ffb8aee0000 - 0x00007ffb8aefb000 	C:\Program Files\Java\jdk-24\bin\VCRUNTIME140.dll
0x00007ffb8b570000 - 0x00007ffb8b586000 	C:\Program Files\Java\jdk-24\bin\jli.dll
0x00007ffb8fe10000 - 0x00007ffb8ffb5000 	C:\Windows\System32\USER32.dll
0x00007ffb762c0000 - 0x00007ffb76565000 	C:\Windows\WinSxS\amd64_microsoft.windows.common-controls_6595b64144ccf1df_6.0.20348.1_none_88d3d41d702dedea\COMCTL32.dll
0x00007ffb8e430000 - 0x00007ffb8e456000 	C:\Windows\System32\win32u.dll
0x00007ffb90230000 - 0x00007ffb902d3000 	C:\Windows\System32\msvcrt.dll
0x00007ffb8fbc0000 - 0x00007ffb8fbeb000 	C:\Windows\System32\GDI32.dll
0x00007ffb8e190000 - 0x00007ffb8e2a1000 	C:\Windows\System32\gdi32full.dll
0x00007ffb8e460000 - 0x00007ffb8e500000 	C:\Windows\System32\msvcp_win.dll
0x00007ffb90040000 - 0x00007ffb90071000 	C:\Windows\System32\IMM32.DLL
0x00007ffb8bb00000 - 0x00007ffb8bb0c000 	C:\Program Files\Java\jdk-24\bin\vcruntime140_1.dll
0x00007ffb6eec0000 - 0x00007ffb6ef4e000 	C:\Program Files\Java\jdk-24\bin\msvcp140.dll
0x00007ffb3e950000 - 0x00007ffb3f6f2000 	C:\Program Files\Java\jdk-24\bin\server\jvm.dll
0x00007ffb8f490000 - 0x00007ffb8f53c000 	C:\Windows\System32\ADVAPI32.dll
0x00007ffb8fd70000 - 0x00007ffb8fe0e000 	C:\Windows\System32\sechost.dll
0x00007ffb8f700000 - 0x00007ffb8f81f000 	C:\Windows\System32\RPCRT4.dll
0x00007ffb8ffc0000 - 0x00007ffb90031000 	C:\Windows\System32\WS2_32.dll
0x00007ffb8c940000 - 0x00007ffb8c98d000 	C:\Windows\SYSTEM32\POWRPROF.dll
0x00007ffb7ef80000 - 0x00007ffb7efa7000 	C:\Windows\SYSTEM32\WINMM.dll
0x00007ffb85280000 - 0x00007ffb8528a000 	C:\Windows\SYSTEM32\VERSION.dll
0x00007ffb8ca10000 - 0x00007ffb8ca23000 	C:\Windows\SYSTEM32\UMPDC.dll
0x00007ffb8c720000 - 0x00007ffb8c737000 	C:\Windows\SYSTEM32\kernel.appcore.dll
0x00007ffb8bac0000 - 0x00007ffb8baca000 	C:\Program Files\Java\jdk-24\bin\jimage.dll
0x00007ffb7d6b0000 - 0x00007ffb7d8c2000 	C:\Windows\SYSTEM32\DBGHELP.DLL
0x00007ffb83a60000 - 0x00007ffb83a90000 	C:\Windows\SYSTEM32\dbgcore.DLL
0x00007ffb8e110000 - 0x00007ffb8e18e000 	C:\Windows\System32\bcryptPrimitives.dll
0x00007ffb3a030000 - 0x00007ffb3a03f000 	C:\Program Files\Java\jdk-24\bin\instrument.dll
0x00007ffb8aec0000 - 0x00007ffb8aede000 	C:\Program Files\Java\jdk-24\bin\java.dll
0x00007ffb8eb90000 - 0x00007ffb8ecc5000 	C:\Windows\System32\ole32.dll
0x00007ffb902f0000 - 0x00007ffb90661000 	C:\Windows\System32\combase.dll
0x00007ffb8ecd0000 - 0x00007ffb8f42a000 	C:\Windows\System32\SHELL32.dll

JVMTI agents:
C:\Program Files\JetBrains\IntelliJ IDEA Community Edition 2025.1.1.1\lib\idea_rt.jar path:none, loaded, not initialized, instrumentlib options:59931

dbghelp: loaded successfully - version: 4.0.5 - missing functions: none
symbol engine: initialized successfully - sym options: 0x614 - pdb path: .;C:\Program Files\Java\jdk-24\bin;C:\Windows\SYSTEM32;C:\Windows\WinSxS\amd64_microsoft.windows.common-controls_6595b64144ccf1df_6.0.20348.1_none_88d3d41d702dedea;C:\Program Files\Java\jdk-24\bin\server

VM Arguments:
jvm_args: -javaagent:C:\Program Files\JetBrains\IntelliJ IDEA Community Edition 2025.1.1.1\lib\idea_rt.jar=59931 -Dfile.encoding=UTF-8 -Dsun.stdout.encoding=UTF-8 -Dsun.stderr.encoding=UTF-8 
java_command: com.xworkz.ipl.application.GuessNumberGame
java_class_path (initial): C:\Users\U22\IdeaProjects\Ipl_Information\out\production\Ipl_Information
Launcher Type: SUN_STANDARD

[Global flags]
     intx CICompilerCount                          = 12                                        {product} {ergonomic}
     uint ConcGCThreads                            = 4                                         {product} {ergonomic}
     uint G1ConcRefinementThreads                  = 15                                        {product} {ergonomic}
   size_t G1HeapRegionSize                         = 8388608                                   {product} {ergonomic}
   size_t InitialHeapSize                          = 1073741824                                {product} {ergonomic}
   size_t MarkStackSize                            = 4194304                                   {product} {ergonomic}
   size_t MarkStackSizeMax                         = 536870912                                 {product} {ergonomic}
   size_t MaxHeapSize                              = 17137926144                               {product} {ergonomic}
   size_t MinHeapDeltaBytes                        = 8388608                                   {product} {ergonomic}
   size_t MinHeapSize                              = 8388608                                   {product} {ergonomic}
    uintx NonNMethodCodeHeapSize                   = 7602176                                {pd product} {ergonomic}
    uintx NonProfiledCodeHeapSize                  = 122093568                              {pd product} {ergonomic}
    uintx ProfiledCodeHeapSize                     = 121962496                              {pd product} {ergonomic}
    uintx ReservedCodeCacheSize                    = 251658240                              {pd product} {ergonomic}
     bool SegmentedCodeCache                       = true                                      {product} {ergonomic}
   size_t SoftMaxHeapSize                          = 17137926144                            {manageable} {ergonomic}
     bool UseCompressedOops                        = true                           {product lp64_product} {ergonomic}
     bool UseG1GC                                  = true                                      {product} {ergonomic}
     bool UseLargePagesIndividualAllocation        = false                                  {pd product} {ergonomic}

Logging:
Log output configuration:
 #0: stdout all=warning uptime,level,tags foldmultilines=false
 #1: stderr all=off uptime,level,tags foldmultilines=false

Environment Variables:
PATH=C:\Program Files\Common Files\Oracle\Java\javapath;C:\oraclexe\app\oracle\product\10.2.0\server\bin;C:\Program Files\Python313\Scripts\;C:\Program Files\Python313\;C:\Windows\system32;C:\Windows;C:\Windows\System32\Wbem;C:\Windows\System32\WindowsPowerShell\v1.0\;C:\Windows\System32\OpenSSH\;C:\Program Files (x86)\Git\cmd;C:\Users\U22\AppData\Local\Microsoft\WindowsApps;
USERNAME=U22
OS=Windows_NT
PROCESSOR_IDENTIFIER=Intel64 Family 6 Model 151 Stepping 2, GenuineIntel
TMP=C:\Users\U22\AppData\Local\Temp\12
TEMP=C:\Users\U22\AppData\Local\Temp\12




Periodic native trim disabled

---------------  S Y S T E M  ---------------

OS:
 Windows Server 2022 , 64 bit Build 20348 (10.0.20348.143)
OS uptime: 0 days 7:09 hours

CPU: total 20 (initial active 20) (10 cores per cpu, 2 threads per core) family 6 model 151 stepping 2 microcode 0x2e, cx8, cmov, fxsr, ht, mmx, 3dnowpref, sse, sse2, sse3, ssse3, sse4.1, sse4.2, popcnt, lzcnt, tsc, tscinvbit, avx, avx2, aes, erms, clmul, bmi1, bmi2, adx, sha, fma, vzeroupper, clflush, clflushopt, clwb, serialize, rdtscp, rdpid, fsrm, gfni, f16c, pku, cet_ibt, cet_ss
Processor Information for the first 20 processors :
  Max Mhz: 2100, Current Mhz: 2100, Mhz Limit: 2100

Memory: 4k page, system-wide physical 65371M (914M free)
TotalPageFile size 124909M (AvailPageFile size 935M)
current process WorkingSet (physical memory assigned to process): 13M, peak: 13M
current process commit charge ("private bytes"): 76M, peak: 1099M

vm_info: Java HotSpot(TM) 64-Bit Server VM (24.0.1+9-30) for windows-amd64 JRE (24.0.1+9-30), built on 2025-03-05T07:23:45Z with MS VC++ 17.6 (VS2022)

END.
